Analysis & Synthesis report for DE2_115
Wed Jun 28 15:04:10 2023
Quartus Prime Version 22.1std.1 Build 917 02/14/2023 SC Lite Edition


---------------------
; Table of Contents ;
---------------------
  1. Legal Notice
  2. Analysis & Synthesis Summary
  3. Analysis & Synthesis Settings
  4. Parallel Compilation
  5. Analysis & Synthesis Messages
  6. Analysis & Synthesis Suppressed Messages



----------------
; Legal Notice ;
----------------
Copyright (C) 2023  Intel Corporation. All rights reserved.
Your use of Intel Corporation's design tools, logic functions 
and other software and tools, and any partner logic 
functions, and any output files from any of the foregoing 
(including device programming or simulation files), and any 
associated documentation or information are expressly subject 
to the terms and conditions of the Intel Program License 
Subscription Agreement, the Intel Quartus Prime License Agreement,
the Intel FPGA IP License Agreement, or other applicable license
agreement, including, without limitation, that your use is for
the sole purpose of programming logic devices manufactured by
Intel and sold by Intel or its authorized distributors.  Please
refer to the applicable agreement for further details, at
https://fpgasoftware.intel.com/eula.



+-------------------------------------------------------------------------------------+
; Analysis & Synthesis Summary                                                        ;
+------------------------------------+------------------------------------------------+
; Analysis & Synthesis Status        ; Failed - Wed Jun 28 15:04:10 2023              ;
; Quartus Prime Version              ; 22.1std.1 Build 917 02/14/2023 SC Lite Edition ;
; Revision Name                      ; DE2_115                                        ;
; Top-level Entity Name              ; DE2_115                                        ;
; Family                             ; Cyclone IV E                                   ;
; Total logic elements               ; N/A until Partition Merge                      ;
;     Total combinational functions  ; N/A until Partition Merge                      ;
;     Dedicated logic registers      ; N/A until Partition Merge                      ;
; Total registers                    ; N/A until Partition Merge                      ;
; Total pins                         ; N/A until Partition Merge                      ;
; Total virtual pins                 ; N/A until Partition Merge                      ;
; Total memory bits                  ; N/A until Partition Merge                      ;
; Embedded Multiplier 9-bit elements ; N/A until Partition Merge                      ;
; Total PLLs                         ; N/A until Partition Merge                      ;
+------------------------------------+------------------------------------------------+


+------------------------------------------------------------------------------------------------------------+
; Analysis & Synthesis Settings                                                                              ;
+------------------------------------------------------------------+--------------------+--------------------+
; Option                                                           ; Setting            ; Default Value      ;
+------------------------------------------------------------------+--------------------+--------------------+
; Device                                                           ; EP4CE115F29C7      ;                    ;
; Top-level entity name                                            ; DE2_115            ; DE2_115            ;
; Family name                                                      ; Cyclone IV E       ; Cyclone V          ;
; Use smart compilation                                            ; Off                ; Off                ;
; Enable parallel Assembler and Timing Analyzer during compilation ; On                 ; On                 ;
; Enable compact report table                                      ; Off                ; Off                ;
; Restructure Multiplexers                                         ; Auto               ; Auto               ;
; Create Debugging Nodes for IP Cores                              ; Off                ; Off                ;
; Preserve fewer node names                                        ; On                 ; On                 ;
; Intel FPGA IP Evaluation Mode                                    ; Enable             ; Enable             ;
; Verilog Version                                                  ; Verilog_2001       ; Verilog_2001       ;
; VHDL Version                                                     ; VHDL_1993          ; VHDL_1993          ;
; State Machine Processing                                         ; Auto               ; Auto               ;
; Safe State Machine                                               ; Off                ; Off                ;
; Extract Verilog State Machines                                   ; On                 ; On                 ;
; Extract VHDL State Machines                                      ; On                 ; On                 ;
; Ignore Verilog initial constructs                                ; Off                ; Off                ;
; Iteration limit for constant Verilog loops                       ; 5000               ; 5000               ;
; Iteration limit for non-constant Verilog loops                   ; 250                ; 250                ;
; Add Pass-Through Logic to Inferred RAMs                          ; On                 ; On                 ;
; Infer RAMs from Raw Logic                                        ; On                 ; On                 ;
; Parallel Synthesis                                               ; On                 ; On                 ;
; DSP Block Balancing                                              ; Auto               ; Auto               ;
; NOT Gate Push-Back                                               ; On                 ; On                 ;
; Power-Up Don't Care                                              ; On                 ; On                 ;
; Remove Redundant Logic Cells                                     ; Off                ; Off                ;
; Remove Duplicate Registers                                       ; On                 ; On                 ;
; Ignore CARRY Buffers                                             ; Off                ; Off                ;
; Ignore CASCADE Buffers                                           ; Off                ; Off                ;
; Ignore GLOBAL Buffers                                            ; Off                ; Off                ;
; Ignore ROW GLOBAL Buffers                                        ; Off                ; Off                ;
; Ignore LCELL Buffers                                             ; Off                ; Off                ;
; Ignore SOFT Buffers                                              ; On                 ; On                 ;
; Limit AHDL Integers to 32 Bits                                   ; Off                ; Off                ;
; Optimization Technique                                           ; Balanced           ; Balanced           ;
; Carry Chain Length                                               ; 70                 ; 70                 ;
; Auto Carry Chains                                                ; On                 ; On                 ;
; Auto Open-Drain Pins                                             ; On                 ; On                 ;
; Perform WYSIWYG Primitive Resynthesis                            ; Off                ; Off                ;
; Auto ROM Replacement                                             ; On                 ; On                 ;
; Auto RAM Replacement                                             ; On                 ; On                 ;
; Auto DSP Block Replacement                                       ; On                 ; On                 ;
; Auto Shift Register Replacement                                  ; Auto               ; Auto               ;
; Allow Shift Register Merging across Hierarchies                  ; Auto               ; Auto               ;
; Auto Clock Enable Replacement                                    ; On                 ; On                 ;
; Strict RAM Replacement                                           ; Off                ; Off                ;
; Allow Synchronous Control Signals                                ; On                 ; On                 ;
; Force Use of Synchronous Clear Signals                           ; Off                ; Off                ;
; Auto RAM Block Balancing                                         ; On                 ; On                 ;
; Auto RAM to Logic Cell Conversion                                ; Off                ; Off                ;
; Auto Resource Sharing                                            ; Off                ; Off                ;
; Allow Any RAM Size For Recognition                               ; Off                ; Off                ;
; Allow Any ROM Size For Recognition                               ; Off                ; Off                ;
; Allow Any Shift Register Size For Recognition                    ; Off                ; Off                ;
; Use LogicLock Constraints during Resource Balancing              ; On                 ; On                 ;
; Ignore translate_off and synthesis_off directives                ; Off                ; Off                ;
; Timing-Driven Synthesis                                          ; On                 ; On                 ;
; Report Parameter Settings                                        ; On                 ; On                 ;
; Report Source Assignments                                        ; On                 ; On                 ;
; Report Connectivity Checks                                       ; On                 ; On                 ;
; Ignore Maximum Fan-Out Assignments                               ; Off                ; Off                ;
; Synchronization Register Chain Length                            ; 2                  ; 2                  ;
; Power Optimization During Synthesis                              ; Normal compilation ; Normal compilation ;
; HDL message level                                                ; Level2             ; Level2             ;
; Suppress Register Optimization Related Messages                  ; Off                ; Off                ;
; Number of Removed Registers Reported in Synthesis Report         ; 5000               ; 5000               ;
; Number of Swept Nodes Reported in Synthesis Report               ; 5000               ; 5000               ;
; Number of Inverted Registers Reported in Synthesis Report        ; 100                ; 100                ;
; Clock MUX Protection                                             ; On                 ; On                 ;
; Auto Gated Clock Conversion                                      ; Off                ; Off                ;
; Block Design Naming                                              ; Auto               ; Auto               ;
; SDC constraint protection                                        ; Off                ; Off                ;
; Synthesis Effort                                                 ; Auto               ; Auto               ;
; Shift Register Replacement - Allow Asynchronous Clear Signal     ; On                 ; On                 ;
; Pre-Mapping Resynthesis Optimization                             ; Off                ; Off                ;
; Analysis & Synthesis Message Level                               ; Medium             ; Medium             ;
; Disable Register Merging Across Hierarchies                      ; Auto               ; Auto               ;
; Resource Aware Inference For Block RAM                           ; On                 ; On                 ;
+------------------------------------------------------------------+--------------------+--------------------+


+------------------------------------------+
; Parallel Compilation                     ;
+----------------------------+-------------+
; Processors                 ; Number      ;
+----------------------------+-------------+
; Number detected on machine ; 20          ;
; Maximum allowed            ; 14          ;
;                            ;             ;
; Average used               ; 1.00        ;
; Maximum used               ; 1           ;
;                            ;             ;
; Usage by Processor         ; % Time Used ;
;     Processor 1            ; 100.0%      ;
+----------------------------+-------------+


+-------------------------------+
; Analysis & Synthesis Messages ;
+-------------------------------+
Info: *******************************************************************
Info: Running Quartus Prime Analysis & Synthesis
    Info: Version 22.1std.1 Build 917 02/14/2023 SC Lite Edition
    Info: Processing started: Wed Jun 28 15:04:04 2023
Info: Command: quartus_map --read_settings_files=on --write_settings_files=off DE2_115 -c DE2_115
Warning (18236): Number of processors has not been specified which may cause overloading on shared machines.  Set the global assignment NUM_PARALLEL_PROCESSORS in your QSF to an appropriate value for best performance.
Info (20030): Parallel compilation is enabled and will use 14 of the 14 processors detected
Warning (10229): Verilog HDL Expression warning at de2_115.v(65): truncated literal to match 3 bits File: C:/Users/uchoa/Documents/agrVai/de2_115.v Line: 65
Warning (12125): Using design file de2_115.v, which is not specified as a design file for the current project, but contains definitions for 21 design units and 21 entities in project
    Info (12023): Found entity 1: projectVGA File: C:/Users/uchoa/Documents/agrVai/de2_115.v Line: 4
    Info (12023): Found entity 2: rectangle File: C:/Users/uchoa/Documents/agrVai/de2_115.v Line: 42
    Info (12023): Found entity 3: seven_segment File: C:/Users/uchoa/Documents/agrVai/de2_115.v Line: 261
    Info (12023): Found entity 4: seven_segment_negative File: C:/Users/uchoa/Documents/agrVai/de2_115.v Line: 306
    Info (12023): Found entity 5: vga_adapter File: C:/Users/uchoa/Documents/agrVai/de2_115.v Line: 399
    Info (12023): Found entity 6: vga_address_translator File: C:/Users/uchoa/Documents/agrVai/de2_115.v Line: 585
    Info (12023): Found entity 7: vga_controller File: C:/Users/uchoa/Documents/agrVai/de2_115.v Line: 626
    Info (12023): Found entity 8: vga_pll File: C:/Users/uchoa/Documents/agrVai/de2_115.v Line: 818
    Info (12023): Found entity 9: wam_led File: C:/Users/uchoa/Documents/agrVai/de2_115.v Line: 860
    Info (12023): Found entity 10: wam_lst File: C:/Users/uchoa/Documents/agrVai/de2_115.v Line: 868
    Info (12023): Found entity 11: wam_dis File: C:/Users/uchoa/Documents/agrVai/de2_115.v Line: 903
    Info (12023): Found entity 12: wam_rdn File: C:/Users/uchoa/Documents/agrVai/de2_115.v Line: 923
    Info (12023): Found entity 13: wam_gen File: C:/Users/uchoa/Documents/agrVai/de2_115.v Line: 946
    Info (12023): Found entity 14: wam_tap File: C:/Users/uchoa/Documents/agrVai/de2_115.v Line: 1019
    Info (12023): Found entity 15: wam_hit File: C:/Users/uchoa/Documents/agrVai/de2_115.v Line: 1060
    Info (12023): Found entity 16: wam_tch File: C:/Users/uchoa/Documents/agrVai/de2_115.v Line: 1079
    Info (12023): Found entity 17: wam_hrd File: C:/Users/uchoa/Documents/agrVai/de2_115.v Line: 1117
    Info (12023): Found entity 18: wam_par File: C:/Users/uchoa/Documents/agrVai/de2_115.v Line: 1155
    Info (12023): Found entity 19: DE2_115 File: C:/Users/uchoa/Documents/agrVai/de2_115.v Line: 1219
    Info (12023): Found entity 20: wam_cnt File: C:/Users/uchoa/Documents/agrVai/de2_115.v Line: 1312
    Info (12023): Found entity 21: wam_scr File: C:/Users/uchoa/Documents/agrVai/de2_115.v Line: 1340
Info (12127): Elaborating entity "DE2_115" for the top level hierarchy
Warning (10036): Verilog HDL or VHDL warning at de2_115.v(1243): object "clk_16" assigned a value but never read File: C:/Users/uchoa/Documents/agrVai/de2_115.v Line: 1243
Info (12128): Elaborating entity "projectVGA" for hierarchy "projectVGA:background" File: C:/Users/uchoa/Documents/agrVai/de2_115.v Line: 1282
Error (10663): Verilog HDL Port Connection error at de2_115.v(33): output or inout port "newX" must be connected to a structural net expression File: C:/Users/uchoa/Documents/agrVai/de2_115.v Line: 33
Error (10663): Verilog HDL Port Connection error at de2_115.v(33): output or inout port "newY" must be connected to a structural net expression File: C:/Users/uchoa/Documents/agrVai/de2_115.v Line: 33
Error (10663): Verilog HDL Port Connection error at de2_115.v(33): output or inout port "Color" must be connected to a structural net expression File: C:/Users/uchoa/Documents/agrVai/de2_115.v Line: 33
Error (12152): Can't elaborate user hierarchy "projectVGA:background" File: C:/Users/uchoa/Documents/agrVai/de2_115.v Line: 1282
Info (144001): Generated suppressed messages file C:/Users/uchoa/Documents/agrVai/DE2_115.map.smsg
Error: Quartus Prime Analysis & Synthesis was unsuccessful. 4 errors, 4 warnings
    Error: Peak virtual memory: 4733 megabytes
    Error: Processing ended: Wed Jun 28 15:04:10 2023
    Error: Elapsed time: 00:00:06
    Error: Total CPU time (on all processors): 00:00:04


+------------------------------------------+
; Analysis & Synthesis Suppressed Messages ;
+------------------------------------------+
The suppressed messages can be found in C:/Users/uchoa/Documents/agrVai/DE2_115.map.smsg.


